<?xml version="1.0" encoding="UTF-8"?>
<!-- Generated by org.testng.reporters.JUnitReportReporter -->
<testsuite hostname="Nistozs-MacBook-Pro-II.local" failures="0" tests="3" name="nb_cl12s10_Test_pkg.LoginTest" time="17.139" errors="0" timestamp="2023-07-22T11:27:15 CDT" skipped="0">
  <testcase classname="nb_cl12s10_Test_pkg.LoginTest" name="loginTest" time="5.473"/>
  <system-out/>
  <testcase classname="nb_cl12s10_Test_pkg.LoginTest" name="loginTest" time="6.379"/>
  <system-out/>
  <testcase classname="nb_cl12s10_Test_pkg.LoginTest" name="loginTest" time="5.287"/>
  <system-out/>
</testsuite> <!-- nb_cl12s10_Test_pkg.LoginTest -->
