<?xml version="1.0" encoding="UTF-8"?>
<!-- Generated by org.testng.reporters.JUnitReportReporter -->
<testsuite hostname="Nistozs-MacBook-Pro-II.local" failures="0" tests="2" name="nb_cl12s10_Test_pkg.Parallel_Test" time="19.252" errors="0" timestamp="2023-09-07T15:36:38 CDT" skipped="0">
  <testcase classname="nb_cl12s10_Test_pkg.Parallel_Test" name="FirefoxTest" time="12.642"/>
  <system-out/>
  <testcase classname="nb_cl12s10_Test_pkg.Parallel_Test" name="ChromeTest" time="6.610"/>
  <system-out/>
</testsuite> <!-- nb_cl12s10_Test_pkg.Parallel_Test -->
